<?xml version="1.0" encoding="UTF-8"?>
<!-- Generated by org.testng.reporters.JUnitReportReporter -->
<testsuite hostname="DESKTOP-N9GF13S" failures="0" tests="1" name="tests.UserMenuTest" time="25.397" errors="0" timestamp="11 Apr 2023 02:41:12 GMT" skipped="0">
  <testcase classname="tests.UserMenuTest" name="VerifyMySettingsFromUserMenu" time="25.397"/>
</testsuite> <!-- tests.UserMenuTest -->
